#
# There is insufficient memory for the Java Runtime Environment to continue.
# Native memory allocation (malloc) failed to allocate 2097152 bytes for AllocateHeap
# Possible reasons:
#   The system is out of physical RAM or swap space
#   The process is running with CompressedOops enabled, and the Java Heap may be blocking the growth of the native heap
# Possible solutions:
#   Reduce memory load on the system
#   Increase physical memory or swap space
#   Check if swap backing store is full
#   Decrease Java heap size (-Xmx/-Xms)
#   Decrease number of Java threads
#   Decrease Java thread stack sizes (-Xss)
#   Set larger code cache with -XX:ReservedCodeCacheSize=
#   JVM is running with Unscaled Compressed Oops mode in which the Java heap is
#     placed in the first 4GB address space. The Java Heap base address is the
#     maximum limit for the native heap growth. Please use -XX:HeapBaseMinAddress
#     to set the Java Heap base and to place the Java Heap above 4GB virtual address.
# This output file may be truncated or incomplete.
#
#  Out of Memory Error (allocation.cpp:44), pid=15780, tid=25776
#
# JRE version: OpenJDK Runtime Environment Temurin-17.0.6+10 (17.0.6+10) (build 17.0.6+10)
# Java VM: OpenJDK 64-Bit Server VM Temurin-17.0.6+10 (17.0.6+10, mixed mode, emulated-client, tiered, compressed oops, compressed class ptrs, g1 gc, windows-amd64)
# No core dump will be written. Minidumps are not enabled by default on client versions of Windows
#

---------------  S U M M A R Y ------------

Command Line: -XX:+HeapDumpOnOutOfMemoryError -Xmx1024m -Dsts.lsp.client=vscode -Dsts.log.file=/dev/null -XX:TieredStopAtLevel=1 -Xlog:jni+resolve=off -Dspring.config.location=file:c:\Users\HONG THOM\.vscode\extensions\vmware.vscode-spring-boot-1.49.0\language-server\BOOT-INF\classes\application.properties org.springframework.ide.vscode.boot.app.BootLanguageServerBootApp

Host: Intel(R) Core(TM) i5-10300H CPU @ 2.50GHz, 8 cores, 7G,  Windows 11 , 64 bit Build 22000 (10.0.22000.2360)
Time: Sun Oct  8 22:41:32 2023 SE Asia Standard Time elapsed time: 11577.079575 seconds (0d 3h 12m 57s)

---------------  T H R E A D  ---------------

Current thread (0x000002218b9efcf0):  VMThread "VM Thread" [stack: 0x000000517b300000,0x000000517b400000] [id=25776]

Stack: [0x000000517b300000,0x000000517b400000]
Native frames: (J=compiled Java code, j=interpreted, Vv=VM code, C=native code)
V  [jvm.dll+0x67741a]
V  [jvm.dll+0x834434]
V  [jvm.dll+0x835bde]
V  [jvm.dll+0x836243]
V  [jvm.dll+0x2457b5]
V  [jvm.dll+0xa626f]
V  [jvm.dll+0x2f5b61]
V  [jvm.dll+0x2f17e0]
V  [jvm.dll+0x2d9ee7]
V  [jvm.dll+0x31ce67]
V  [jvm.dll+0x83a6eb]
V  [jvm.dll+0x83b424]
V  [jvm.dll+0x83b93c]
V  [jvm.dll+0x83bd14]
V  [jvm.dll+0x83bde0]
V  [jvm.dll+0x7e483a]
V  [jvm.dll+0x6762c5]
C  [ucrtbase.dll+0x26c0c]
C  [KERNEL32.DLL+0x153e0]
C  [ntdll.dll+0x485b]

VM_Operation (0x000000517cbfef40): G1CollectFull, mode: safepoint, requested by thread 0x000002218cf6bde0


---------------  P R O C E S S  ---------------

Threads class SMR info:
_java_thread_list=0x000002218da68590, length=21, elements={
0x000002218ba05380, 0x000002218ba06100, 0x000002218c408490, 0x000002218c409010,
0x000002218c40c8f0, 0x000002218c40d1b0, 0x000002218c40e860, 0x000002218ba3e7b0,
0x000002218c606b50, 0x000002218c6326a0, 0x000002218dbe9830, 0x000002218cf6bde0,
0x000002218cdffb00, 0x00000221ff7c9710, 0x000002218dc52480, 0x000002218d8bb8a0,
0x000002218dcdabe0, 0x000002218dd07960, 0x000002218dcfd3b0, 0x000002218dcfdd50,
0x000002218dcfd880
}

Java Threads: ( => current thread )
  0x000002218ba05380 JavaThread "Reference Handler" daemon [_thread_blocked, id=17312, stack(0x000000517b400000,0x000000517b500000)]
  0x000002218ba06100 JavaThread "Finalizer" daemon [_thread_blocked, id=16784, stack(0x000000517b500000,0x000000517b600000)]
  0x000002218c408490 JavaThread "Signal Dispatcher" daemon [_thread_blocked, id=6264, stack(0x000000517b600000,0x000000517b700000)]
  0x000002218c409010 JavaThread "Attach Listener" daemon [_thread_blocked, id=22620, stack(0x000000517b700000,0x000000517b800000)]
  0x000002218c40c8f0 JavaThread "Service Thread" daemon [_thread_blocked, id=6352, stack(0x000000517b800000,0x000000517b900000)]
  0x000002218c40d1b0 JavaThread "Monitor Deflation Thread" daemon [_thread_blocked, id=7988, stack(0x000000517b900000,0x000000517ba00000)]
  0x000002218c40e860 JavaThread "C1 CompilerThread0" daemon [_thread_blocked, id=18312, stack(0x000000517ba00000,0x000000517bb00000)]
  0x000002218ba3e7b0 JavaThread "Sweeper thread" daemon [_thread_blocked, id=3636, stack(0x000000517bb00000,0x000000517bc00000)]
  0x000002218c606b50 JavaThread "Notification Thread" daemon [_thread_blocked, id=17492, stack(0x000000517bd00000,0x000000517be00000)]
  0x000002218c6326a0 JavaThread "Common-Cleaner" daemon [_thread_blocked, id=13008, stack(0x000000517bf00000,0x000000517c000000)]
  0x000002218dbe9830 JavaThread "boundedElastic-evictor-1" daemon [_thread_blocked, id=26108, stack(0x000000517c900000,0x000000517ca00000)]
  0x000002218cf6bde0 JavaThread "pool-11-thread-1" [_thread_blocked, id=19504, stack(0x000000517cb00000,0x000000517cc00000)]
  0x000002218cdffb00 JavaThread "LanguageServerApp-lifecycle" [_thread_blocked, id=8400, stack(0x000000517cc00000,0x000000517cd00000)]
  0x00000221ff7c9710 JavaThread "DestroyJavaVM" [_thread_blocked, id=21228, stack(0x000000517ad00000,0x000000517ae00000)]
  0x000002218dc52480 JavaThread "pool-12-thread-1" [_thread_in_native, id=22500, stack(0x000000517cd00000,0x000000517ce00000)]
  0x000002218d8bb8a0 JavaThread "Simple-Language-Server main thread" daemon [_thread_blocked, id=26580, stack(0x000000517ce00000,0x000000517cf00000)]
  0x000002218dcdabe0 JavaThread "parallel-1" daemon [_thread_blocked, id=18044, stack(0x000000517cf00000,0x000000517d000000)]
  0x000002218dd07960 JavaThread "pool-5-thread-1" [_thread_blocked, id=23928, stack(0x000000517d000000,0x000000517d100000)]
  0x000002218dcfd3b0 JavaThread "parallel-2" daemon [_thread_blocked, id=19148, stack(0x000000517d100000,0x000000517d200000)]
  0x000002218dcfdd50 JavaThread "parallel-3" daemon [_thread_blocked, id=15228, stack(0x000000517d200000,0x000000517d300000)]
  0x000002218dcfd880 JavaThread "parallel-4" daemon [_thread_blocked, id=14200, stack(0x000000517d300000,0x000000517d400000)]

Other Threads:
=>0x000002218b9efcf0 VMThread "VM Thread" [stack: 0x000000517b300000,0x000000517b400000] [id=25776]
  0x000002218c629230 WatcherThread [stack: 0x000000517be00000,0x000000517bf00000] [id=6176]
  0x00000221ff808770 GCTaskThread "GC Thread#0" [stack: 0x000000517ae00000,0x000000517af00000] [id=18612]
  0x000002218d19ad20 GCTaskThread "GC Thread#1" [stack: 0x000000517c200000,0x000000517c300000] [id=11980]
  0x000002218cfcb9d0 GCTaskThread "GC Thread#2" [stack: 0x000000517c300000,0x000000517c400000] [id=17804]
  0x000002218c9e2fa0 GCTaskThread "GC Thread#3" [stack: 0x000000517c400000,0x000000517c500000] [id=16560]
  0x000002218ceb45f0 GCTaskThread "GC Thread#4" [stack: 0x000000517c500000,0x000000517c600000] [id=10740]
  0x000002218d2f78a0 GCTaskThread "GC Thread#5" [stack: 0x000000517c600000,0x000000517c700000] [id=17476]
  0x000002218d2f7b50 GCTaskThread "GC Thread#6" [stack: 0x000000517c700000,0x000000517c800000] [id=10660]
  0x000002218d2f7e00 GCTaskThread "GC Thread#7" [stack: 0x000000517c800000,0x000000517c900000] [id=13016]
  0x00000221ff8115c0 ConcurrentGCThread "G1 Main Marker" [stack: 0x000000517af00000,0x000000517b000000] [id=4708]
  0x00000221ff811ee0 ConcurrentGCThread "G1 Conc#0" [stack: 0x000000517b000000,0x000000517b100000] [id=24660]
  0x000002218d51bc60 ConcurrentGCThread "G1 Conc#1" [stack: 0x000000517ca00000,0x000000517cb00000] [id=22484]
  0x00000221ff88d0c0 ConcurrentGCThread "G1 Refine#0" [stack: 0x000000517b100000,0x000000517b200000] [id=13568]
  0x00000221ff88d9f0 ConcurrentGCThread "G1 Service" [stack: 0x000000517b200000,0x000000517b300000] [id=26024]

Threads with active compile tasks:

VM state: at safepoint (normal execution)

VM Mutex/Monitor currently owned by a thread:  ([mutex/lock_event])
[0x00000221feab0dd0] Threads_lock - owner thread: 0x000002218b9efcf0
[0x00000221ff7c70a0] Heap_lock - owner thread: 0x000002218cf6bde0

Heap address: 0x00000000c0000000, size: 1024 MB, Compressed Oops mode: 32-bit

CDS archive(s) not mapped
Compressed class space mapped at: 0x0000000100000000-0x0000000140000000, reserved size: 1073741824
Narrow klass base: 0x0000000000000000, Narrow klass shift: 3, Narrow klass range: 0x140000000

GC Precious Log:
 CPUs: 8 total, 8 available
 Memory: 8029M
 Large Page Support: Disabled
 NUMA Support: Disabled
 Compressed Oops: Enabled (32-bit)
 Heap Region Size: 1M
 Heap Min Capacity: 8M
 Heap Initial Capacity: 126M
 Heap Max Capacity: 1G
 Pre-touch: Disabled
 Parallel Workers: 8
 Concurrent Workers: 2
 Concurrent Refinement Workers: 8
 Periodic GC: Disabled

Heap:
 garbage-first heap   total 51200K, used 20017K [0x00000000c0000000, 0x0000000100000000)
  region size 1024K, 1 young (1024K), 0 survivors (0K)
 Metaspace       used 44967K, committed 45632K, reserved 1089536K
  class space    used 5990K, committed 6272K, reserved 1048576K

Heap Regions: E=young(eden), S=young(survivor), O=old, HS=humongous(starts), HC=humongous(continues), CS=collection set, F=free, OA=open archive, CA=closed archive, TAMS=top-at-mark-start (previous, next)
|   0|0x00000000c0000000, 0x00000000c00fffe0, 0x00000000c0100000| 99%| O|  |TAMS 0x00000000c00fffe0, 0x00000000c0000000| Untracked 
|   1|0x00000000c0100000, 0x00000000c0200000, 0x00000000c0200000|100%| O|  |TAMS 0x00000000c0200000, 0x00000000c0100000| Untracked 
|   2|0x00000000c0200000, 0x00000000c0300000, 0x00000000c0300000|100%| O|  |TAMS 0x00000000c0300000, 0x00000000c0200000| Untracked 
|   3|0x00000000c0300000, 0x00000000c03f6fa0, 0x00000000c0400000| 96%| O|  |TAMS 0x00000000c03f6fa0, 0x00000000c0300000| Untracked 
|   4|0x00000000c0400000, 0x00000000c04ffff0, 0x00000000c0500000| 99%| O|  |TAMS 0x00000000c04ffff0, 0x00000000c0400000| Untracked 
|   5|0x00000000c0500000, 0x00000000c05fffe0, 0x00000000c0600000| 99%| O|  |TAMS 0x00000000c05fffe0, 0x00000000c0500000| Untracked 
|   6|0x00000000c0600000, 0x00000000c0700000, 0x00000000c0700000|100%| O|  |TAMS 0x00000000c0700000, 0x00000000c0600000| Untracked 
|   7|0x00000000c0700000, 0x00000000c0800000, 0x00000000c0800000|100%| O|  |TAMS 0x00000000c0800000, 0x00000000c0700000| Untracked 
|   8|0x00000000c0800000, 0x00000000c08fffd8, 0x00000000c0900000| 99%| O|  |TAMS 0x00000000c08fffd8, 0x00000000c0800000| Untracked 
|   9|0x00000000c0900000, 0x00000000c09fffe0, 0x00000000c0a00000| 99%| O|  |TAMS 0x00000000c09fffe0, 0x00000000c0900000| Untracked 
|  10|0x00000000c0a00000, 0x00000000c0affff0, 0x00000000c0b00000| 99%| O|  |TAMS 0x00000000c0affff0, 0x00000000c0a00000| Untracked 
|  11|0x00000000c0b00000, 0x00000000c0bfffd8, 0x00000000c0c00000| 99%| O|  |TAMS 0x00000000c0bfffd8, 0x00000000c0b00000| Untracked 
|  12|0x00000000c0c00000, 0x00000000c0d00000, 0x00000000c0d00000|100%| O|  |TAMS 0x00000000c0d00000, 0x00000000c0c00000| Untracked 
|  13|0x00000000c0d00000, 0x00000000c0dffff8, 0x00000000c0e00000| 99%| O|  |TAMS 0x00000000c0dffff8, 0x00000000c0d00000| Untracked 
|  14|0x00000000c0e00000, 0x00000000c0effff0, 0x00000000c0f00000| 99%| O|  |TAMS 0x00000000c0effff0, 0x00000000c0e00000| Untracked 
|  15|0x00000000c0f00000, 0x00000000c0ffff80, 0x00000000c1000000| 99%| O|  |TAMS 0x00000000c0ffff80, 0x00000000c0f00000| Untracked 
|  16|0x00000000c1000000, 0x00000000c10dc770, 0x00000000c1100000| 86%| O|  |TAMS 0x00000000c1000000, 0x00000000c1000000| Untracked 
|  17|0x00000000c1100000, 0x00000000c11fffe8, 0x00000000c1200000| 99%| O|  |TAMS 0x00000000c11fffe8, 0x00000000c1100000| Untracked 
|  18|0x00000000c1200000, 0x00000000c12ffe78, 0x00000000c1300000| 99%| O|  |TAMS 0x00000000c12ffe78, 0x00000000c1200000| Untracked 
|  19|0x00000000c1300000, 0x00000000c13b9340, 0x00000000c1400000| 72%| O|  |TAMS 0x00000000c1300000, 0x00000000c1300000| Untracked 
|  20|0x00000000c1400000, 0x00000000c1400000, 0x00000000c1500000|  0%| F|  |TAMS 0x00000000c1400000, 0x00000000c1400000| Untracked 
|  21|0x00000000c1500000, 0x00000000c1500000, 0x00000000c1600000|  0%| F|  |TAMS 0x00000000c1500000, 0x00000000c1500000| Untracked 
|  22|0x00000000c1600000, 0x00000000c1600000, 0x00000000c1700000|  0%| F|  |TAMS 0x00000000c1600000, 0x00000000c1600000| Untracked 
|  23|0x00000000c1700000, 0x00000000c1700000, 0x00000000c1800000|  0%| F|  |TAMS 0x00000000c1700000, 0x00000000c1700000| Untracked 
|  24|0x00000000c1800000, 0x00000000c1800000, 0x00000000c1900000|  0%| F|  |TAMS 0x00000000c1800000, 0x00000000c1800000| Untracked 
|  25|0x00000000c1900000, 0x00000000c1900000, 0x00000000c1a00000|  0%| F|  |TAMS 0x00000000c1900000, 0x00000000c1900000| Untracked 
|  26|0x00000000c1a00000, 0x00000000c1a00000, 0x00000000c1b00000|  0%| F|  |TAMS 0x00000000c1a00000, 0x00000000c1a00000| Untracked 
|  27|0x00000000c1b00000, 0x00000000c1b00000, 0x00000000c1c00000|  0%| F|  |TAMS 0x00000000c1b00000, 0x00000000c1b00000| Untracked 
|  28|0x00000000c1c00000, 0x00000000c1c00000, 0x00000000c1d00000|  0%| F|  |TAMS 0x00000000c1c00000, 0x00000000c1c00000| Untracked 
|  29|0x00000000c1d00000, 0x00000000c1d00000, 0x00000000c1e00000|  0%| F|  |TAMS 0x00000000c1d00000, 0x00000000c1d00000| Untracked 
|  30|0x00000000c1e00000, 0x00000000c1e00000, 0x00000000c1f00000|  0%| F|  |TAMS 0x00000000c1e00000, 0x00000000c1e00000| Untracked 
|  31|0x00000000c1f00000, 0x00000000c1f00000, 0x00000000c2000000|  0%| F|  |TAMS 0x00000000c1f00000, 0x00000000c1f00000| Untracked 
|  32|0x00000000c2000000, 0x00000000c2000000, 0x00000000c2100000|  0%| F|  |TAMS 0x00000000c2000000, 0x00000000c2000000| Untracked 
|  33|0x00000000c2100000, 0x00000000c2100000, 0x00000000c2200000|  0%| F|  |TAMS 0x00000000c2100000, 0x00000000c2100000| Untracked 
|  34|0x00000000c2200000, 0x00000000c2200000, 0x00000000c2300000|  0%| F|  |TAMS 0x00000000c2200000, 0x00000000c2200000| Untracked 
|  35|0x00000000c2300000, 0x00000000c2300000, 0x00000000c2400000|  0%| F|  |TAMS 0x00000000c2300000, 0x00000000c2300000| Untracked 
|  36|0x00000000c2400000, 0x00000000c2400000, 0x00000000c2500000|  0%| F|  |TAMS 0x00000000c2400000, 0x00000000c2400000| Untracked 
|  37|0x00000000c2500000, 0x00000000c2500000, 0x00000000c2600000|  0%| F|  |TAMS 0x00000000c2500000, 0x00000000c2500000| Untracked 
|  38|0x00000000c2600000, 0x00000000c2600000, 0x00000000c2700000|  0%| F|  |TAMS 0x00000000c2600000, 0x00000000c2600000| Untracked 
|  39|0x00000000c2700000, 0x00000000c2700000, 0x00000000c2800000|  0%| F|  |TAMS 0x00000000c2700000, 0x00000000c2700000| Untracked 
|  40|0x00000000c2800000, 0x00000000c2800000, 0x00000000c2900000|  0%| F|  |TAMS 0x00000000c2800000, 0x00000000c2800000| Untracked 
|  41|0x00000000c2900000, 0x00000000c2900000, 0x00000000c2a00000|  0%| F|  |TAMS 0x00000000c2900000, 0x00000000c2900000| Untracked 
|  42|0x00000000c2a00000, 0x00000000c2a00000, 0x00000000c2b00000|  0%| F|  |TAMS 0x00000000c2a00000, 0x00000000c2a00000| Untracked 
|  43|0x00000000c2b00000, 0x00000000c2b00000, 0x00000000c2c00000|  0%| F|  |TAMS 0x00000000c2b00000, 0x00000000c2b00000| Untracked 
|  92|0x00000000c5c00000, 0x00000000c5c00000, 0x00000000c5d00000|  0%| F|  |TAMS 0x00000000c5c00000, 0x00000000c5c00000| Untracked 
|  93|0x00000000c5d00000, 0x00000000c5d00000, 0x00000000c5e00000|  0%| F|  |TAMS 0x00000000c5d00000, 0x00000000c5d00000| Untracked 
|  94|0x00000000c5e00000, 0x00000000c5e00000, 0x00000000c5f00000|  0%| F|  |TAMS 0x00000000c5e00000, 0x00000000c5e00000| Untracked 
|  95|0x00000000c5f00000, 0x00000000c5f00000, 0x00000000c6000000|  0%| F|  |TAMS 0x00000000c5f00000, 0x00000000c5f00000| Untracked 
|  99|0x00000000c6300000, 0x00000000c6300000, 0x00000000c6400000|  0%| F|  |TAMS 0x00000000c6300000, 0x00000000c6300000| Untracked 
| 125|0x00000000c7d00000, 0x00000000c7d0c380, 0x00000000c7e00000|  4%| E|  |TAMS 0x00000000c7d00000, 0x00000000c7d00000| Complete 

Card table byte_map: [0x00000221ffba0000,0x00000221ffda0000] _byte_map_base: 0x00000221ff5a0000

Marking Bits (Prev, Next): (CMBitMap*) 0x00000221ff808c90, (CMBitMap*) 0x00000221ff808cd0
 Prev Bits: [0x0000022186fd0000, 0x0000022187fd0000)
 Next Bits: [0x0000022187fd0000, 0x0000022188fd0000)

Polling page: 0x00000221fef90000

Metaspace:

Usage:
  Non-class:     38.06 MB used.
      Class:      5.85 MB used.
       Both:     43.91 MB used.

Virtual space:
  Non-class space:       40.00 MB reserved,      38.44 MB ( 96%) committed,  5 nodes.
      Class space:        1.00 GB reserved,       6.12 MB ( <1%) committed,  1 nodes.
             Both:        1.04 GB reserved,      44.56 MB (  4%) committed. 

Chunk freelists:
   Non-Class:  1.73 MB
       Class:  2.00 MB
        Both:  3.73 MB

MaxMetaspaceSize: unlimited
CompressedClassSpaceSize: 1.00 GB
Initial GC threshold: 21.00 MB
Current GC threshold: 74.31 MB
CDS: off
MetaspaceReclaimPolicy: balanced
 - commit_granule_bytes: 65536.
 - commit_granule_words: 8192.
 - virtual_space_node_default_size: 1048576.
 - enlarge_chunks_in_place: 1.
 - new_chunks_are_fully_committed: 0.
 - uncommit_free_chunks: 1.
 - use_allocation_guard: 0.
 - handle_deallocations: 1.


Internal statistics:

num_allocs_failed_limit: 6.
num_arena_births: 560.
num_arena_deaths: 188.
num_vsnodes_births: 6.
num_vsnodes_deaths: 0.
num_space_committed: 713.
num_space_uncommitted: 0.
num_chunks_returned_to_freelist: 234.
num_chunks_taken_from_freelist: 1876.
num_chunk_merges: 75.
num_chunk_splits: 1265.
num_chunks_enlarged: 920.
num_purges: 2.
num_inconsistent_stats: 0.

CodeCache: size=49152Kb used=8669Kb max_used=9869Kb free=40482Kb
 bounds [0x0000022183fd0000, 0x0000022184980000, 0x0000022186fd0000]
 total_blobs=5320 nmethods=4726 adapters=521
 compilation: enabled
              stopped_count=0, restarted_count=0
 full_count=0

Compilation events (20 events):
Event: 2687.675 Thread 0x000002218c40e860 4714       1       java.lang.ProcessImpl$$Lambda$845/0x00000001005f5210::<init> (10 bytes)
Event: 2687.676 Thread 0x000002218c40e860 nmethod 4714 0x000002218434a410 code [0x000002218434a5a0, 0x000002218434a678]
Event: 2687.676 Thread 0x000002218c40e860 4710       1       java.lang.Process::<init> (5 bytes)
Event: 2687.676 Thread 0x000002218c40e860 nmethod 4710 0x000002218434a110 code [0x000002218434a2a0, 0x000002218434a358]
Event: 2688.001 Thread 0x000002218c40e860 4715   !   1       java.io.FilterOutputStream::close (183 bytes)
Event: 2688.025 Thread 0x000002218c40e860 nmethod 4715 0x0000022184348f90 code [0x00000221843491a0, 0x0000022184349678]
Event: 2688.025 Thread 0x000002218c40e860 4716   !   1       java.io.FileOutputStream::close (69 bytes)
Event: 2688.026 Thread 0x000002218c40e860 nmethod 4716 0x0000022184348910 code [0x0000022184348ae0, 0x0000022184348e58]
Event: 2688.026 Thread 0x000002218c40e860 4720       1       java.lang.ProcessImpl$$Lambda$845/0x00000001005f5210::run (8 bytes)
Event: 2688.026 Thread 0x000002218c40e860 nmethod 4720 0x0000022184348610 code [0x00000221843487a0, 0x0000022184348888]
Event: 2688.026 Thread 0x000002218c40e860 4721       1       java.lang.ProcessImpl::lambda$new$0 (6 bytes)
Event: 2688.026 Thread 0x000002218c40e860 nmethod 4721 0x0000022184348310 code [0x00000221843484a0, 0x0000022184348568]
Event: 2688.026 Thread 0x000002218c40e860 4717       1       java.io.FileOutputStream$1::<init> (10 bytes)
Event: 2688.026 Thread 0x000002218c40e860 nmethod 4717 0x0000022184348010 code [0x00000221843481a0, 0x00000221843482b8]
Event: 2688.026 Thread 0x000002218c40e860 4718       1       java.io.FileOutputStream$1::close (11 bytes)
Event: 2688.026 Thread 0x000002218c40e860 nmethod 4718 0x0000022184347990 code [0x0000022184347b40, 0x0000022184347e58]
Event: 3997.303 Thread 0x000002218c40e860 4724       1       java.lang.ProcessImpl$2::run (242 bytes)
Event: 3997.315 Thread 0x000002218c40e860 nmethod 4724 0x0000022184345b10 code [0x0000022184345dc0, 0x0000022184346b58]
Event: 3997.315 Thread 0x000002218c40e860 4725       1       java.lang.ProcessImpl::waitFor (136 bytes)
Event: 3997.317 Thread 0x000002218c40e860 nmethod 4725 0x0000022184345290 code [0x00000221843454a0, 0x00000221843458b8]

GC Heap History (20 events):
Event: 11475.757 GC heap before
{Heap before GC invocations=1133 (full 1119):
 garbage-first heap   total 51200K, used 20017K [0x00000000c0000000, 0x0000000100000000)
  region size 1024K, 1 young (1024K), 0 survivors (0K)
 Metaspace       used 44967K, committed 45632K, reserved 1089536K
  class space    used 5990K, committed 6272K, reserved 1048576K
}
Event: 11475.779 GC heap after
{Heap after GC invocations=1134 (full 1120):
 garbage-first heap   total 51200K, used 20017K [0x00000000c0000000, 0x0000000100000000)
  region size 1024K, 0 young (0K), 0 survivors (0K)
 Metaspace       used 44967K, committed 45632K, reserved 1089536K
  class space    used 5990K, committed 6272K, reserved 1048576K
}
Event: 11485.869 GC heap before
{Heap before GC invocations=1134 (full 1120):
 garbage-first heap   total 51200K, used 20017K [0x00000000c0000000, 0x0000000100000000)
  region size 1024K, 1 young (1024K), 0 survivors (0K)
 Metaspace       used 44967K, committed 45632K, reserved 1089536K
  class space    used 5990K, committed 6272K, reserved 1048576K
}
Event: 11485.886 GC heap after
{Heap after GC invocations=1135 (full 1121):
 garbage-first heap   total 51200K, used 20017K [0x00000000c0000000, 0x0000000100000000)
  region size 1024K, 0 young (0K), 0 survivors (0K)
 Metaspace       used 44967K, committed 45632K, reserved 1089536K
  class space    used 5990K, committed 6272K, reserved 1048576K
}
Event: 11496.042 GC heap before
{Heap before GC invocations=1135 (full 1121):
 garbage-first heap   total 51200K, used 20017K [0x00000000c0000000, 0x0000000100000000)
  region size 1024K, 1 young (1024K), 0 survivors (0K)
 Metaspace       used 44967K, committed 45632K, reserved 1089536K
  class space    used 5990K, committed 6272K, reserved 1048576K
}
Event: 11496.066 GC heap after
{Heap after GC invocations=1136 (full 1122):
 garbage-first heap   total 51200K, used 20017K [0x00000000c0000000, 0x0000000100000000)
  region size 1024K, 0 young (0K), 0 survivors (0K)
 Metaspace       used 44967K, committed 45632K, reserved 1089536K
  class space    used 5990K, committed 6272K, reserved 1048576K
}
Event: 11506.205 GC heap before
{Heap before GC invocations=1136 (full 1122):
 garbage-first heap   total 51200K, used 20017K [0x00000000c0000000, 0x0000000100000000)
  region size 1024K, 1 young (1024K), 0 survivors (0K)
 Metaspace       used 44967K, committed 45632K, reserved 1089536K
  class space    used 5990K, committed 6272K, reserved 1048576K
}
Event: 11506.222 GC heap after
{Heap after GC invocations=1137 (full 1123):
 garbage-first heap   total 51200K, used 20017K [0x00000000c0000000, 0x0000000100000000)
  region size 1024K, 0 young (0K), 0 survivors (0K)
 Metaspace       used 44967K, committed 45632K, reserved 1089536K
  class space    used 5990K, committed 6272K, reserved 1048576K
}
Event: 11516.335 GC heap before
{Heap before GC invocations=1137 (full 1123):
 garbage-first heap   total 51200K, used 20017K [0x00000000c0000000, 0x0000000100000000)
  region size 1024K, 1 young (1024K), 0 survivors (0K)
 Metaspace       used 44967K, committed 45632K, reserved 1089536K
  class space    used 5990K, committed 6272K, reserved 1048576K
}
Event: 11516.351 GC heap after
{Heap after GC invocations=1138 (full 1124):
 garbage-first heap   total 51200K, used 20017K [0x00000000c0000000, 0x0000000100000000)
  region size 1024K, 0 young (0K), 0 survivors (0K)
 Metaspace       used 44967K, committed 45632K, reserved 1089536K
  class space    used 5990K, committed 6272K, reserved 1048576K
}
Event: 11526.463 GC heap before
{Heap before GC invocations=1138 (full 1124):
 garbage-first heap   total 51200K, used 20017K [0x00000000c0000000, 0x0000000100000000)
  region size 1024K, 1 young (1024K), 0 survivors (0K)
 Metaspace       used 44967K, committed 45632K, reserved 1089536K
  class space    used 5990K, committed 6272K, reserved 1048576K
}
Event: 11526.481 GC heap after
{Heap after GC invocations=1139 (full 1125):
 garbage-first heap   total 51200K, used 20017K [0x00000000c0000000, 0x0000000100000000)
  region size 1024K, 0 young (0K), 0 survivors (0K)
 Metaspace       used 44967K, committed 45632K, reserved 1089536K
  class space    used 5990K, committed 6272K, reserved 1048576K
}
Event: 11536.592 GC heap before
{Heap before GC invocations=1139 (full 1125):
 garbage-first heap   total 51200K, used 20017K [0x00000000c0000000, 0x0000000100000000)
  region size 1024K, 1 young (1024K), 0 survivors (0K)
 Metaspace       used 44967K, committed 45632K, reserved 1089536K
  class space    used 5990K, committed 6272K, reserved 1048576K
}
Event: 11536.614 GC heap after
{Heap after GC invocations=1140 (full 1126):
 garbage-first heap   total 51200K, used 20017K [0x00000000c0000000, 0x0000000100000000)
  region size 1024K, 0 young (0K), 0 survivors (0K)
 Metaspace       used 44967K, committed 45632K, reserved 1089536K
  class space    used 5990K, committed 6272K, reserved 1048576K
}
Event: 11546.726 GC heap before
{Heap before GC invocations=1140 (full 1126):
 garbage-first heap   total 51200K, used 20017K [0x00000000c0000000, 0x0000000100000000)
  region size 1024K, 1 young (1024K), 0 survivors (0K)
 Metaspace       used 44967K, committed 45632K, reserved 1089536K
  class space    used 5990K, committed 6272K, reserved 1048576K
}
Event: 11546.742 GC heap after
{Heap after GC invocations=1141 (full 1127):
 garbage-first heap   total 51200K, used 20017K [0x00000000c0000000, 0x0000000100000000)
  region size 1024K, 0 young (0K), 0 survivors (0K)
 Metaspace       used 44967K, committed 45632K, reserved 1089536K
  class space    used 5990K, committed 6272K, reserved 1048576K
}
Event: 11556.847 GC heap before
{Heap before GC invocations=1141 (full 1127):
 garbage-first heap   total 51200K, used 20017K [0x00000000c0000000, 0x0000000100000000)
  region size 1024K, 1 young (1024K), 0 survivors (0K)
 Metaspace       used 44967K, committed 45632K, reserved 1089536K
  class space    used 5990K, committed 6272K, reserved 1048576K
}
Event: 11556.867 GC heap after
{Heap after GC invocations=1142 (full 1128):
 garbage-first heap   total 51200K, used 20017K [0x00000000c0000000, 0x0000000100000000)
  region size 1024K, 0 young (0K), 0 survivors (0K)
 Metaspace       used 44967K, committed 45632K, reserved 1089536K
  class space    used 5990K, committed 6272K, reserved 1048576K
}
Event: 11566.985 GC heap before
{Heap before GC invocations=1142 (full 1128):
 garbage-first heap   total 51200K, used 20017K [0x00000000c0000000, 0x0000000100000000)
  region size 1024K, 1 young (1024K), 0 survivors (0K)
 Metaspace       used 44967K, committed 45632K, reserved 1089536K
  class space    used 5990K, committed 6272K, reserved 1048576K
}
Event: 11567.022 GC heap after
{Heap after GC invocations=1143 (full 1129):
 garbage-first heap   total 51200K, used 20017K [0x00000000c0000000, 0x0000000100000000)
  region size 1024K, 0 young (0K), 0 survivors (0K)
 Metaspace       used 44967K, committed 45632K, reserved 1089536K
  class space    used 5990K, committed 6272K, reserved 1048576K
}

Dll operation events (9 events):
Event: 0.008 Loaded shared library c:\Users\HONG THOM\.vscode\extensions\redhat.java-1.15.0-win32-x64\jre\17.0.6-win32-x86_64\bin\java.dll
Event: 0.321 Loaded shared library C:\Users\HONG THOM\.vscode\extensions\redhat.java-1.15.0-win32-x64\jre\17.0.6-win32-x86_64\bin\net.dll
Event: 0.323 Loaded shared library C:\Users\HONG THOM\.vscode\extensions\redhat.java-1.15.0-win32-x64\jre\17.0.6-win32-x86_64\bin\nio.dll
Event: 0.755 Loaded shared library C:\Users\HONG THOM\.vscode\extensions\redhat.java-1.15.0-win32-x64\jre\17.0.6-win32-x86_64\bin\zip.dll
Event: 8.987 Loaded shared library C:\Users\HONG THOM\.vscode\extensions\redhat.java-1.15.0-win32-x64\jre\17.0.6-win32-x86_64\bin\jimage.dll
Event: 15.321 Loaded shared library c:\Users\HONG THOM\.vscode\extensions\redhat.java-1.15.0-win32-x64\jre\17.0.6-win32-x86_64\bin\verify.dll
Event: 16.702 Loaded shared library C:\Users\HONG THOM\.vscode\extensions\redhat.java-1.15.0-win32-x64\jre\17.0.6-win32-x86_64\bin\management.dll
Event: 16.726 Loaded shared library C:\Users\HONG THOM\.vscode\extensions\redhat.java-1.15.0-win32-x64\jre\17.0.6-win32-x86_64\bin\management_ext.dll
Event: 17.915 Loaded shared library C:\Users\HONG THOM\.vscode\extensions\redhat.java-1.15.0-win32-x64\jre\17.0.6-win32-x86_64\bin\sunmscapi.dll

Deoptimization events (10 events):
Event: 12.212 Thread 0x00000221ff7c9710 DEOPT PACKING pc=0x00000221845e0d99 sp=0x000000517adfd720
Event: 12.212 Thread 0x00000221ff7c9710 DEOPT UNPACKING pc=0x0000022184027143 sp=0x000000517adfcc00 mode 3
Event: 17.058 Thread 0x000002218d8bb8a0 DEOPT PACKING pc=0x00000221847dfe35 sp=0x000000517cefd6b0
Event: 17.058 Thread 0x000002218d8bb8a0 DEOPT UNPACKING pc=0x0000022184027143 sp=0x000000517cefcbd8 mode 3
Event: 17.228 Thread 0x000002218d8bb8a0 DEOPT PACKING pc=0x0000022184586001 sp=0x000000517cefe080
Event: 17.228 Thread 0x000002218d8bb8a0 DEOPT UNPACKING pc=0x0000022184027143 sp=0x000000517cefd510 mode 3
Event: 17.228 Thread 0x000002218dd07960 DEOPT PACKING pc=0x0000022184563217 sp=0x000000517d0fefd0
Event: 17.228 Thread 0x000002218dd07960 DEOPT UNPACKING pc=0x0000022184027143 sp=0x000000517d0fe428 mode 3
Event: 17.871 Thread 0x000002218dcfcee0 DEOPT PACKING pc=0x00000221841b9d0c sp=0x000000517d5fe6b0
Event: 17.871 Thread 0x000002218dcfcee0 DEOPT UNPACKING pc=0x0000022184027143 sp=0x000000517d5fdb78 mode 0

Classes unloaded (20 events):
Event: 67.067 Thread 0x000002218b9efcf0 Unloading class 0x0000000100225c00 'java/lang/invoke/LambdaForm$MH+0x0000000100225c00'
Event: 67.067 Thread 0x000002218b9efcf0 Unloading class 0x0000000100211800 'java/lang/invoke/LambdaForm$DMH+0x0000000100211800'
Event: 67.067 Thread 0x000002218b9efcf0 Unloading class 0x0000000100092000 'java/lang/invoke/LambdaForm$MH+0x0000000100092000'
Event: 67.067 Thread 0x000002218b9efcf0 Unloading class 0x0000000100091c00 'java/lang/invoke/LambdaForm$MH+0x0000000100091c00'
Event: 67.067 Thread 0x000002218b9efcf0 Unloading class 0x0000000100091800 'java/lang/invoke/LambdaForm$MH+0x0000000100091800'
Event: 67.067 Thread 0x000002218b9efcf0 Unloading class 0x0000000100091400 'java/lang/invoke/LambdaForm$MH+0x0000000100091400'
Event: 67.067 Thread 0x000002218b9efcf0 Unloading class 0x0000000100091000 'java/lang/invoke/LambdaForm$MH+0x0000000100091000'
Event: 67.067 Thread 0x000002218b9efcf0 Unloading class 0x0000000100090c00 'java/lang/invoke/LambdaForm$MH+0x0000000100090c00'
Event: 67.067 Thread 0x000002218b9efcf0 Unloading class 0x0000000100090800 'java/lang/invoke/LambdaForm$MH+0x0000000100090800'
Event: 67.067 Thread 0x000002218b9efcf0 Unloading class 0x0000000100090400 'java/lang/invoke/LambdaForm$MH+0x0000000100090400'
Event: 67.067 Thread 0x000002218b9efcf0 Unloading class 0x000000010008b800 'java/lang/invoke/LambdaForm$MH+0x000000010008b800'
Event: 67.067 Thread 0x000002218b9efcf0 Unloading class 0x000000010008b400 'java/lang/invoke/LambdaForm$MH+0x000000010008b400'
Event: 67.067 Thread 0x000002218b9efcf0 Unloading class 0x000000010008b000 'java/lang/invoke/LambdaForm$MH+0x000000010008b000'
Event: 67.067 Thread 0x000002218b9efcf0 Unloading class 0x000000010008ac00 'java/lang/invoke/LambdaForm$MH+0x000000010008ac00'
Event: 67.067 Thread 0x000002218b9efcf0 Unloading class 0x000000010008a800 'java/lang/invoke/LambdaForm$MH+0x000000010008a800'
Event: 67.067 Thread 0x000002218b9efcf0 Unloading class 0x000000010008a400 'java/lang/invoke/LambdaForm$MH+0x000000010008a400'
Event: 67.067 Thread 0x000002218b9efcf0 Unloading class 0x0000000100089c00 'java/lang/invoke/LambdaForm$MH+0x0000000100089c00'
Event: 67.067 Thread 0x000002218b9efcf0 Unloading class 0x0000000100089400 'java/lang/invoke/LambdaForm$MH+0x0000000100089400'
Event: 67.067 Thread 0x000002218b9efcf0 Unloading class 0x0000000100088c00 'java/lang/invoke/LambdaForm$MH+0x0000000100088c00'
Event: 67.067 Thread 0x000002218b9efcf0 Unloading class 0x0000000100088400 'java/lang/invoke/LambdaForm$MH+0x0000000100088400'

Classes redefined (0 events):
No events

Internal exceptions (20 events):
Event: 17.473 Thread 0x000002218dd07960 Exception <a 'sun/nio/fs/WindowsException'{0x00000000c63e11a8}> (0x00000000c63e11a8) 
thrown [s\src\hotspot\share\prims\jni.cpp, line 516]
Event: 17.473 Thread 0x000002218dd07960 Exception <a 'sun/nio/fs/WindowsException'{0x00000000c63e1b90}> (0x00000000c63e1b90) 
thrown [s\src\hotspot\share\prims\jni.cpp, line 516]
Event: 17.474 Thread 0x000002218dd07960 Exception <a 'sun/nio/fs/WindowsException'{0x00000000c63e2558}> (0x00000000c63e2558) 
thrown [s\src\hotspot\share\prims\jni.cpp, line 516]
Event: 17.474 Thread 0x000002218dd07960 Exception <a 'sun/nio/fs/WindowsException'{0x00000000c63e3040}> (0x00000000c63e3040) 
thrown [s\src\hotspot\share\prims\jni.cpp, line 516]
Event: 17.474 Thread 0x000002218dd07960 Exception <a 'sun/nio/fs/WindowsException'{0x00000000c63e3b90}> (0x00000000c63e3b90) 
thrown [s\src\hotspot\share\prims\jni.cpp, line 516]
Event: 17.547 Thread 0x000002218dd07960 Exception <a 'sun/nio/fs/WindowsException'{0x00000000c5f953c0}> (0x00000000c5f953c0) 
thrown [s\src\hotspot\share\prims\jni.cpp, line 516]
Event: 17.547 Thread 0x000002218dd07960 Exception <a 'sun/nio/fs/WindowsException'{0x00000000c5f95da8}> (0x00000000c5f95da8) 
thrown [s\src\hotspot\share\prims\jni.cpp, line 516]
Event: 17.547 Thread 0x000002218dd07960 Exception <a 'sun/nio/fs/WindowsException'{0x00000000c5f96770}> (0x00000000c5f96770) 
thrown [s\src\hotspot\share\prims\jni.cpp, line 516]
Event: 17.547 Thread 0x000002218dd07960 Exception <a 'sun/nio/fs/WindowsException'{0x00000000c5f97258}> (0x00000000c5f97258) 
thrown [s\src\hotspot\share\prims\jni.cpp, line 516]
Event: 17.547 Thread 0x000002218dd07960 Exception <a 'sun/nio/fs/WindowsException'{0x00000000c5f97da8}> (0x00000000c5f97da8) 
thrown [s\src\hotspot\share\prims\jni.cpp, line 516]
Event: 17.547 Thread 0x000002218dd07960 Exception <a 'sun/nio/fs/WindowsException'{0x00000000c5f992e0}> (0x00000000c5f992e0) 
thrown [s\src\hotspot\share\prims\jni.cpp, line 516]
Event: 17.548 Thread 0x000002218dd07960 Exception <a 'sun/nio/fs/WindowsException'{0x00000000c5f99cc8}> (0x00000000c5f99cc8) 
thrown [s\src\hotspot\share\prims\jni.cpp, line 516]
Event: 17.548 Thread 0x000002218dd07960 Exception <a 'sun/nio/fs/WindowsException'{0x00000000c5f9a690}> (0x00000000c5f9a690) 
thrown [s\src\hotspot\share\prims\jni.cpp, line 516]
Event: 17.548 Thread 0x000002218dd07960 Exception <a 'sun/nio/fs/WindowsException'{0x00000000c5f9b190}> (0x00000000c5f9b190) 
thrown [s\src\hotspot\share\prims\jni.cpp, line 516]
Event: 17.548 Thread 0x000002218dd07960 Exception <a 'sun/nio/fs/WindowsException'{0x00000000c5f9bce0}> (0x00000000c5f9bce0) 
thrown [s\src\hotspot\share\prims\jni.cpp, line 516]
Event: 17.554 Thread 0x000002218dd07960 Exception <a 'sun/nio/fs/WindowsException'{0x00000000c5fb16d0}> (0x00000000c5fb16d0) 
thrown [s\src\hotspot\share\prims\jni.cpp, line 516]
Event: 17.801 Thread 0x000002218dcfcee0 Exception <a 'java/lang/NoSuchMethodError'{0x00000000c5ee53f8}: 'void java.lang.invoke.DirectMethodHandle$Holder.invokeVirtual(java.lang.Object, java.lang.Object, java.lang.Object, java.lang.Object)'> (0x00000000c5ee53f8) 
thrown [s\src\hotspot\share\interpreter\linkResolver.cpp, line 759]
Event: 17.940 Thread 0x000002218dcfcee0 Exception <a 'sun/nio/fs/WindowsException'{0x00000000c2a6f2b0}> (0x00000000c2a6f2b0) 
thrown [s\src\hotspot\share\prims\jni.cpp, line 516]
Event: 56.717 Thread 0x000002218cf6bde0 Exception <a 'java/lang/NoSuchMethodError'{0x00000000c299f3a8}: 'void java.lang.invoke.DirectMethodHandle$Holder.invokeStatic(java.lang.Object, long)'> (0x00000000c299f3a8) 
thrown [s\src\hotspot\share\interpreter\linkResolver.cpp, line 759]
Event: 56.718 Thread 0x000002218cf6bde0 Exception <a 'java/lang/NoSuchMethodError'{0x00000000c29b0720}: 'java.lang.Object java.lang.invoke.DirectMethodHandle$Holder.newInvokeSpecial(java.lang.Object, long)'> (0x00000000c29b0720) 
thrown [s\src\hotspot\share\interpreter\linkResolver.cpp, line 759]

VM Operations (20 events):
Event: 11475.779 Executing VM operation: G1CollectFull done
Event: 11485.869 Executing VM operation: G1CollectFull
Event: 11485.886 Executing VM operation: G1CollectFull done
Event: 11496.042 Executing VM operation: G1CollectFull
Event: 11496.066 Executing VM operation: G1CollectFull done
Event: 11506.205 Executing VM operation: G1CollectFull
Event: 11506.222 Executing VM operation: G1CollectFull done
Event: 11516.335 Executing VM operation: G1CollectFull
Event: 11516.351 Executing VM operation: G1CollectFull done
Event: 11526.463 Executing VM operation: G1CollectFull
Event: 11526.481 Executing VM operation: G1CollectFull done
Event: 11536.592 Executing VM operation: G1CollectFull
Event: 11536.615 Executing VM operation: G1CollectFull done
Event: 11546.726 Executing VM operation: G1CollectFull
Event: 11546.742 Executing VM operation: G1CollectFull done
Event: 11556.847 Executing VM operation: G1CollectFull
Event: 11556.867 Executing VM operation: G1CollectFull done
Event: 11566.985 Executing VM operation: G1CollectFull
Event: 11567.022 Executing VM operation: G1CollectFull done
Event: 11577.074 Executing VM operation: G1CollectFull

Events (20 events):
Event: 30.170 loading class sun/security/ssl/Alert$Level
Event: 30.170 loading class sun/security/ssl/Alert$Level done
Event: 30.174 Thread 0x000002218df91260 Thread exited: 0x000002218df91260
Event: 34.018 Thread 0x000002218c4c94d0 Thread exited: 0x000002218c4c94d0
Event: 36.496 Thread 0x000002218dcfca10 Thread exited: 0x000002218dcfca10
Event: 56.669 loading class java/lang/ProcessBuilder
Event: 56.708 loading class java/lang/ProcessBuilder done
Event: 56.708 loading class java/lang/ProcessImpl
Event: 56.709 loading class java/lang/ProcessImpl done
Event: 56.718 loading class java/lang/ProcessImpl$2
Event: 56.718 loading class java/lang/ProcessImpl$2 done
Event: 56.718 loading class java/lang/Process$PipeInputStream
Event: 56.718 loading class java/lang/Process$PipeInputStream done
Event: 56.719 loading class jdk/internal/event/ProcessStartEvent
Event: 56.719 loading class jdk/internal/event/ProcessStartEvent done
Event: 56.864 loading class java/io/FileOutputStream$1
Event: 56.864 loading class java/io/FileOutputStream$1 done
Event: 81.955 Thread 0x000002218df925a0 Thread exited: 0x000002218df925a0
Event: 141.955 Thread 0x000002218df93410 Thread exited: 0x000002218df93410
Event: 201.956 Thread 0x000002218dcfcee0 Thread exited: 0x000002218dcfcee0


Dynamic libraries:
0x00007ff716d10000 - 0x00007ff716d1e000 	c:\Users\HONG THOM\.vscode\extensions\redhat.java-1.15.0-win32-x64\jre\17.0.6-win32-x86_64\bin\java.exe
0x00007ffec9b80000 - 0x00007ffec9d89000 	C:\WINDOWS\SYSTEM32\ntdll.dll
0x00007ffec9380000 - 0x00007ffec943d000 	C:\WINDOWS\System32\KERNEL32.DLL
0x00007ffec7010000 - 0x00007ffec7394000 	C:\WINDOWS\System32\KERNELBASE.dll
0x00007ffec7620000 - 0x00007ffec7731000 	C:\WINDOWS\System32\ucrtbase.dll
0x00007ffeaa3c0000 - 0x00007ffeaa3d9000 	c:\Users\HONG THOM\.vscode\extensions\redhat.java-1.15.0-win32-x64\jre\17.0.6-win32-x86_64\bin\VCRUNTIME140.dll
0x00007ffeaeae0000 - 0x00007ffeaeaf7000 	c:\Users\HONG THOM\.vscode\extensions\redhat.java-1.15.0-win32-x64\jre\17.0.6-win32-x86_64\bin\jli.dll
0x00007ffec9810000 - 0x00007ffec99bd000 	C:\WINDOWS\System32\USER32.dll
0x00007ffec79a0000 - 0x00007ffec79c6000 	C:\WINDOWS\System32\win32u.dll
0x00007ffeb0cd0000 - 0x00007ffeb0f75000 	C:\WINDOWS\WinSxS\amd64_microsoft.windows.common-controls_6595b64144ccf1df_6.0.22000.120_none_9d947278b86cc467\COMCTL32.dll
0x00007ffec99c0000 - 0x00007ffec99ea000 	C:\WINDOWS\System32\GDI32.dll
0x00007ffec79d0000 - 0x00007ffec7a73000 	C:\WINDOWS\System32\msvcrt.dll
0x00007ffec7500000 - 0x00007ffec761e000 	C:\WINDOWS\System32\gdi32full.dll
0x00007ffec7460000 - 0x00007ffec74fd000 	C:\WINDOWS\System32\msvcp_win.dll
0x00007ffec7ae0000 - 0x00007ffec7b11000 	C:\WINDOWS\System32\IMM32.DLL
0x00007ffea8180000 - 0x00007ffea818c000 	c:\Users\HONG THOM\.vscode\extensions\redhat.java-1.15.0-win32-x64\jre\17.0.6-win32-x86_64\bin\vcruntime140_1.dll
0x00007ffe7e9d0000 - 0x00007ffe7ea61000 	c:\Users\HONG THOM\.vscode\extensions\redhat.java-1.15.0-win32-x64\jre\17.0.6-win32-x86_64\bin\msvcp140.dll
0x00007ffe34070000 - 0x00007ffe34cb7000 	c:\Users\HONG THOM\.vscode\extensions\redhat.java-1.15.0-win32-x64\jre\17.0.6-win32-x86_64\bin\server\jvm.dll
0x00007ffec9630000 - 0x00007ffec96de000 	C:\WINDOWS\System32\ADVAPI32.dll
0x00007ffec8930000 - 0x00007ffec89ce000 	C:\WINDOWS\System32\sechost.dll
0x00007ffec96e0000 - 0x00007ffec9801000 	C:\WINDOWS\System32\RPCRT4.dll
0x00007ffec1560000 - 0x00007ffec1593000 	C:\WINDOWS\SYSTEM32\WINMM.dll
0x00007ffebf760000 - 0x00007ffebf76a000 	C:\WINDOWS\SYSTEM32\VERSION.dll
0x00007ffea7830000 - 0x00007ffea7839000 	C:\WINDOWS\SYSTEM32\WSOCK32.dll
0x00007ffec88c0000 - 0x00007ffec892f000 	C:\WINDOWS\System32\WS2_32.dll
0x00007ffec6170000 - 0x00007ffec6188000 	C:\WINDOWS\SYSTEM32\kernel.appcore.dll
0x00007ffea77a0000 - 0x00007ffea77aa000 	c:\Users\HONG THOM\.vscode\extensions\redhat.java-1.15.0-win32-x64\jre\17.0.6-win32-x86_64\bin\jimage.dll
0x00007ffec4ac0000 - 0x00007ffec4ce1000 	C:\WINDOWS\SYSTEM32\DBGHELP.DLL
0x00007ffeb69e0000 - 0x00007ffeb6a11000 	C:\WINDOWS\SYSTEM32\dbgcore.DLL
0x00007ffec78b0000 - 0x00007ffec792f000 	C:\WINDOWS\System32\bcryptPrimitives.dll
0x00007ffe8e780000 - 0x00007ffe8e7a5000 	c:\Users\HONG THOM\.vscode\extensions\redhat.java-1.15.0-win32-x64\jre\17.0.6-win32-x86_64\bin\java.dll
0x00007ffe8e760000 - 0x00007ffe8e778000 	c:\Users\HONG THOM\.vscode\extensions\redhat.java-1.15.0-win32-x64\jre\17.0.6-win32-x86_64\bin\zip.dll
0x00007ffec7c40000 - 0x00007ffec8405000 	C:\WINDOWS\System32\SHELL32.dll
0x00007ffec50f0000 - 0x00007ffec5952000 	C:\WINDOWS\SYSTEM32\windows.storage.dll
0x00007ffec89d0000 - 0x00007ffec8d46000 	C:\WINDOWS\System32\combase.dll
0x00007ffec4f80000 - 0x00007ffec50e7000 	C:\WINDOWS\SYSTEM32\wintypes.dll
0x00007ffec8640000 - 0x00007ffec872a000 	C:\WINDOWS\System32\SHCORE.dll
0x00007ffec8570000 - 0x00007ffec85cd000 	C:\WINDOWS\System32\shlwapi.dll
0x00007ffec6f40000 - 0x00007ffec6f65000 	C:\WINDOWS\SYSTEM32\profapi.dll
0x00007ffe8a6e0000 - 0x00007ffe8a6f9000 	C:\Users\HONG THOM\.vscode\extensions\redhat.java-1.15.0-win32-x64\jre\17.0.6-win32-x86_64\bin\net.dll
0x00007ffec0ec0000 - 0x00007ffec0fd4000 	C:\WINDOWS\SYSTEM32\WINHTTP.dll
0x00007ffec6620000 - 0x00007ffec6687000 	C:\WINDOWS\system32\mswsock.dll
0x00007ffe83460000 - 0x00007ffe83475000 	C:\Users\HONG THOM\.vscode\extensions\redhat.java-1.15.0-win32-x64\jre\17.0.6-win32-x86_64\bin\nio.dll
0x00007ffec6870000 - 0x00007ffec6888000 	C:\WINDOWS\SYSTEM32\CRYPTSP.dll
0x00007ffec60d0000 - 0x00007ffec6105000 	C:\WINDOWS\system32\rsaenh.dll
0x00007ffec6710000 - 0x00007ffec673c000 	C:\WINDOWS\SYSTEM32\USERENV.dll
0x00007ffec69e0000 - 0x00007ffec6a07000 	C:\WINDOWS\SYSTEM32\bcrypt.dll
0x00007ffec6860000 - 0x00007ffec686c000 	C:\WINDOWS\SYSTEM32\CRYPTBASE.dll
0x00007ffec5c90000 - 0x00007ffec5cbd000 	C:\WINDOWS\SYSTEM32\IPHLPAPI.DLL
0x00007ffec8ef0000 - 0x00007ffec8ef9000 	C:\WINDOWS\System32\NSI.dll
0x00007ffec0ea0000 - 0x00007ffec0eb9000 	C:\WINDOWS\SYSTEM32\dhcpcsvc6.DLL
0x00007ffec13a0000 - 0x00007ffec13be000 	C:\WINDOWS\SYSTEM32\dhcpcsvc.DLL
0x00007ffec5d00000 - 0x00007ffec5de7000 	C:\WINDOWS\SYSTEM32\DNSAPI.dll
0x00007ffea6b90000 - 0x00007ffea6ba0000 	c:\Users\HONG THOM\.vscode\extensions\redhat.java-1.15.0-win32-x64\jre\17.0.6-win32-x86_64\bin\verify.dll
0x00007ffea66b0000 - 0x00007ffea66b9000 	C:\Users\HONG THOM\.vscode\extensions\redhat.java-1.15.0-win32-x64\jre\17.0.6-win32-x86_64\bin\management.dll
0x00007ffea6640000 - 0x00007ffea664b000 	C:\Users\HONG THOM\.vscode\extensions\redhat.java-1.15.0-win32-x64\jre\17.0.6-win32-x86_64\bin\management_ext.dll
0x00007ffec8730000 - 0x00007ffec8738000 	C:\WINDOWS\System32\PSAPI.DLL
0x00007ffea6290000 - 0x00007ffea629e000 	C:\Users\HONG THOM\.vscode\extensions\redhat.java-1.15.0-win32-x64\jre\17.0.6-win32-x86_64\bin\sunmscapi.dll
0x00007ffec7740000 - 0x00007ffec78aa000 	C:\WINDOWS\System32\CRYPT32.dll
0x00007ffec69b0000 - 0x00007ffec69da000 	C:\WINDOWS\SYSTEM32\ncrypt.dll
0x00007ffec6970000 - 0x00007ffec69a7000 	C:\WINDOWS\SYSTEM32\NTASN1.dll
0x00007ffebca90000 - 0x00007ffebca9a000 	C:\Windows\System32\rasadhlp.dll
0x00007ffebf520000 - 0x00007ffebf5a2000 	C:\WINDOWS\System32\fwpuclnt.dll

dbghelp: loaded successfully - version: 4.0.5 - missing functions: none
symbol engine: initialized successfully - sym options: 0x614 - pdb path: .;c:\Users\HONG THOM\.vscode\extensions\redhat.java-1.15.0-win32-x64\jre\17.0.6-win32-x86_64\bin;C:\WINDOWS\SYSTEM32;C:\WINDOWS\WinSxS\amd64_microsoft.windows.common-controls_6595b64144ccf1df_6.0.22000.120_none_9d947278b86cc467;c:\Users\HONG THOM\.vscode\extensions\redhat.java-1.15.0-win32-x64\jre\17.0.6-win32-x86_64\bin\server

VM Arguments:
jvm_args: -XX:+HeapDumpOnOutOfMemoryError -Xmx1024m -Dsts.lsp.client=vscode -Dsts.log.file=/dev/null -XX:TieredStopAtLevel=1 -Xlog:jni+resolve=off -Dspring.config.location=file:c:\Users\HONG THOM\.vscode\extensions\vmware.vscode-spring-boot-1.49.0\language-server\BOOT-INF\classes\application.properties 
java_command: org.springframework.ide.vscode.boot.app.BootLanguageServerBootApp
java_class_path (initial): c:\Users\HONG THOM\.vscode\extensions\vmware.vscode-spring-boot-1.49.0\language-server\BOOT-INF\classes;c:\Users\HONG THOM\.vscode\extensions\vmware.vscode-spring-boot-1.49.0\language-server\BOOT-INF\lib\annotations-24.0.1.jar;c:\Users\HONG THOM\.vscode\extensions\vmware.vscode-spring-boot-1.49.0\language-server\BOOT-INF\lib\antlr-runtime-3.5.3.jar;c:\Users\HONG THOM\.vscode\extensions\vmware.vscode-spring-boot-1.49.0\language-server\BOOT-INF\lib\antlr4-4.11.1.jar;c:\Users\HONG THOM\.vscode\extensions\vmware.vscode-spring-boot-1.49.0\language-server\BOOT-INF\lib\antlr4-runtime-4.11.1.jar;c:\Users\HONG THOM\.vscode\extensions\vmware.vscode-spring-boot-1.49.0\language-server\BOOT-INF\lib\archunit-1.1.0.jar;c:\Users\HONG THOM\.vscode\extensions\vmware.vscode-spring-boot-1.49.0\language-server\BOOT-INF\lib\asm-9.5.jar;c:\Users\HONG THOM\.vscode\extensions\vmware.vscode-spring-boot-1.49.0\language-server\BOOT-INF\lib\asm-analysis-9.5.jar;c:\Users\HONG THOM\.vscode\extensions\vmware.vscode-spring-boot-1.49.0\language-server\BOOT-INF\lib\asm-tree-9.5.jar;c:\Users\HONG THOM\.vscode\extensions\vmware.vscode-spring-boot-1.49.0\language-server\BOOT-INF\lib\asm-util-9.5.jar;c:\Users\HONG THOM\.vscode\extensions\vmware.vscode-spring-boot-1.49.0\language-server\BOOT-INF\lib\bosh-language-server-1.49.0-SNAPSHOT.jar;c:\Users\HONG THOM\.vscode\extensions\vmware.vscode-spring-boot-1.49.0\language-server\BOOT-INF\lib\caffeine-3.1.6.jar;c:\Users\HONG THOM\.vscode\extensions\vmware.vscode-spring-boot-1.49.0\language-server\BOOT-INF\lib\checker-qual-3.12.0.jar;c:\Users\HONG THOM\.vscode\extensions\vmware.vscode-spring-boot-1.49.0\language-server\BOOT-INF\lib\classgraph-4.8.149.jar;c:\Users\HONG THOM\.vscode\extensions\vmware.vscode-spring-boot-1.49.0\language-server\BOOT-INF\lib\commons-codec-1.15.jar;c:\Users\HONG THOM\.vscode\extensions\vmware.vscode-spring-boot-1.49.0\language-server\BOOT-INF\lib\commons-compress-1.23.0.jar;c:\Users\HONG THOM\.vscode\exten
Launcher Type: SUN_STANDARD

[Global flags]
     intx CICompilerCount                          = 4                                         {product} {ergonomic}
     uint ConcGCThreads                            = 2                                         {product} {ergonomic}
     uint G1ConcRefinementThreads                  = 8                                         {product} {ergonomic}
   size_t G1HeapRegionSize                         = 1048576                                   {product} {ergonomic}
    uintx GCDrainStackTargetSize                   = 64                                        {product} {ergonomic}
     bool HeapDumpOnOutOfMemoryError               = true                                   {manageable} {command line}
   size_t InitialHeapSize                          = 132120576                                 {product} {ergonomic}
   size_t MarkStackSize                            = 4194304                                   {product} {ergonomic}
   size_t MaxHeapSize                              = 1073741824                                {product} {command line}
   size_t MaxNewSize                               = 643825664                                 {product} {ergonomic}
   size_t MinHeapDeltaBytes                        = 1048576                                   {product} {ergonomic}
   size_t MinHeapSize                              = 8388608                                   {product} {ergonomic}
    uintx NonProfiledCodeHeapSize                  = 0                                      {pd product} {ergonomic}
     bool ProfileInterpreter                       = false                                  {pd product} {command line}
    uintx ProfiledCodeHeapSize                     = 0                                      {pd product} {ergonomic}
   size_t SoftMaxHeapSize                          = 1073741824                             {manageable} {ergonomic}
     intx TieredStopAtLevel                        = 1                                         {product} {command line}
     bool UseCompressedClassPointers               = true                           {product lp64_product} {ergonomic}
     bool UseCompressedOops                        = true                           {product lp64_product} {ergonomic}
     bool UseG1GC                                  = true                                      {product} {ergonomic}
     bool UseLargePagesIndividualAllocation        = false                                  {pd product} {ergonomic}

Logging:
Log output configuration:
 #0: stdout all=warning,jni+resolve=off uptime,level,tags
 #1: stderr all=off uptime,level,tags

Environment Variables:
PATH=C:\Program Files\Common Files\Oracle\Java\javapath;C:\Windows\system32;C:\Windows;C:\Windows\System32\Wbem;C:\Windows\System32\WindowsPowerShell\v1.0\;C:\Windows\System32\OpenSSH\;C:\Program Files (x86)\NVIDIA Corporation\PhysX\Common;C:\Program Files\NVIDIA Corporation\NVIDIA NvDLISR;C:\Program Files\Microsoft SQL Server\110\Tools\Binn\;C:\Program Files (x86)\Microsoft SQL Server\110\Tools\Binn\ManagementStudio\;C:\Program Files (x86)\Microsoft SQL Server\110\Tools\Binn\;C:\Program Files (x86)\Microsoft SQL Server\110\DTS\Binn\;C:\Program Files\Microsoft SQL Server\110\DTS\Binn\;C:\Program Files\Microsoft SQL Server\150\Tools\Binn\;C:\Program Files\dotnet\;C:\WINDOWS\system32;C:\WINDOWS;C:\WINDOWS\System32\Wbem;C:\WINDOWS\System32\WindowsPowerShell\v1.0\;C:\WINDOWS\System32\OpenSSH\;C:\wamp64\bin\php\php5.6.40;C:\composer;C:\xampp\php;C:\Program Files\nodejs\;C:\Program Files (x86)\Microsoft SQL Server\160\Tools\Binn\;C:\Program Files\Microsoft SQL Server\160\Tools\Binn\;C:\Program Files\Microsoft SQL Server\Client SDK\ODBC\170\Tools\Binn\;C:\Program Files\Microsoft SQL Server\160\DTS\Binn\;D:\Git\cmd;C:\Users\HONG THOM\AppData\Local\Programs\Python\Python311\Scripts\;C:\Users\HONG THOM\AppData\Local\Programs\Python\Python311\;C:\Users\HONG THOM\AppData\Local\Programs\Python\Python39\Scripts\;C:\Users\HONG THOM\AppData\Local\Programs\Python\Python39\;C:\Users\HONG THOM\AppData\Local\Microsoft\WindowsApps;C:\Program Files\Azure Data Studio\bin;C:\Users\HONG THOM\.dotnet\tools;;C:\Users\HONG THOM\AppData\Roaming\Composer\vendor\bin;C:\Users\HONG THOM\AppData\Local\Programs\Microsoft VS Code\bin;C:\Users\HONG THOM\AppData\Roaming\npm
USERNAME=HONG THOM
OS=Windows_NT
PROCESSOR_IDENTIFIER=Intel64 Family 6 Model 165 Stepping 2, GenuineIntel
TMP=C:\Users\HONGTH~1\AppData\Local\Temp
TEMP=C:\Users\HONGTH~1\AppData\Local\Temp



---------------  S Y S T E M  ---------------

OS:
 Windows 11 , 64 bit Build 22000 (10.0.22000.2360)
OS uptime: 5 days 1:50 hours

CPU: total 8 (initial active 8) (4 cores per cpu, 2 threads per core) family 6 model 165 stepping 2 microcode 0xe0, cx8, cmov, fxsr, ht, mmx, 3dnowpref, sse, sse2, sse3, ssse3, sse4.1, sse4.2, popcnt, lzcnt, tsc, tscinvbit, avx, avx2, aes, erms, clmul, bmi1, bmi2, adx, fma, vzeroupper, clflush, clflushopt

Memory: 4k page, system-wide physical 8029M (281M free)
TotalPageFile size 27937M (AvailPageFile size 10M)
current process WorkingSet (physical memory assigned to process): 43M, peak: 156M
current process commit charge ("private bytes"): 193M, peak: 231M

vm_info: OpenJDK 64-Bit Server VM (17.0.6+10) for windows-amd64 JRE (17.0.6+10), built on Jan 18 2023 10:08:59 by "temurin" with MS VC++ 16.7 (VS2019)

END.
